# #use"test.caml";;
exception Failure of string
val diffImRow : int list * int list -> int list = <fun>
val diffIm : int list list * int list list -> int list list = <fun>
val nodiffRow : int list -> bool = <fun>
val noDiff : int list list -> bool = <fun>
val printRow : int list -> unit = <fun>
val pp_my_image : int list list -> unit = <fun>
val rowmaskpos : int list * int list -> int list = <fun>
val rowmaskneg : int list * int list -> int list = <fun>
val maskpos : int list list * int list list -> int list list = <fun>
val maskneg : int list list * int list list -> int list list = <fun>
val tupledifffloat : (float * float) * (float * float) -> float * float =
  <fun>
val sumImRow : int list -> int = <fun>
val sumImage : int list list -> int = <fun>
val rowcentImRow : int list * int -> int = <fun>
val rowcentImCol : int list * int -> int = <fun>
val centImRow : int list list * int -> int = <fun>
val centImCol : int list list * int -> int = <fun>
val icent : int list list -> float = <fun>
val jcent : int list list -> float = <fun>
val motion : int list list * int list list -> float * float = <fun>
val i1a : int list list =
  [[0; 0; 0; 0; 0; 0; 0; 0; 0; 0]; [0; 0; 0; 0; 0; 0; 0; 0; 0; 0];
   [0; 0; 2; 3; 0; 0; 0; 0; 0; 0]; [0; 0; 4; 5; 4; 0; 0; 0; 0; 0];
   [0; 0; 0; 4; 0; 0; 0; 0; 0; 0]; [0; 0; 0; 0; 0; 0; 0; 0; 0; 0];
   [0; 0; 0; 0; 0; 0; 0; 0; 0; 0]; [0; 0; 0; 0; 0; 0; 0; 0; 0; 0];
   [0; 0; 0; 0; 0; 0; 0; 0; 0; 0]; [0; 0; 0; 0; 0; 0; 0; 0; 0; 0]]
val i1b : int list list =
  [[2; 2; 2; 2; 2; 2; 2; 2; 2; 2]; [2; 2; 2; 2; 2; 2; 1; 2; 2; 2];
   [2; 2; 2; 2; 2; 2; 2; 2; 2; 2]; [2; 2; 4; 5; 2; 2; 2; 2; 2; 2];
   [2; 2; 4; 5; 4; 2; 2; 1; 2; 2]; [2; 2; 2; 5; 4; 2; 2; 2; 2; 2];
   [2; 2; 2; 2; 2; 2; 2; 2; 2; 2]; [2; 2; 2; 2; 2; 2; 1; 2; 2; 2];
   [2; 2; 2; 2; 1; 2; 2; 2; 2; 2]; [2; 2; 2; 2; 2; 2; 2; 2; 2; 2]]
val i2a : int list list =
  [[0; 0; 0; 0; 0; 0; 0; 0; 0; 0]; [0; 0; 0; 0; 0; 0; 0; 0; 0; 0];
   [0; 0; 0; 0; 0; 0; 0; 0; 0; 0]; [0; 0; 0; 0; 0; 0; 0; 0; 0; 0];
   [0; 0; 0; 0; 0; 0; 0; 0; 0; 0]; [0; 0; 0; 0; 0; 0; 0; 0; 0; 0];
   [0; 0; 0; 0; 0; 0; 0; 0; 0; 0]; [0; 0; 0; 0; 0; 2; 3; 0; 0; 0];
   [0; 0; 0; 0; 0; 4; 5; 4; 0; 0]; [0; 0; 0; 0; 0; 0; 4; 0; 0; 0]]
val i2b : int list list =
  [[2; 2; 2; 2; 2; 2; 2; 2; 2; 2]; [2; 2; 2; 2; 2; 2; 1; 2; 2; 2];
   [2; 2; 2; 2; 2; 2; 2; 2; 2; 2]; [2; 2; 4; 5; 2; 2; 2; 2; 2; 2];
   [2; 2; 4; 5; 4; 2; 2; 1; 2; 2]; [2; 2; 2; 5; 4; 2; 2; 2; 2; 2];
   [2; 2; 2; 2; 2; 2; 2; 2; 2; 2]; [2; 2; 2; 2; 2; 2; 1; 2; 2; 2];
   [2; 2; 2; 2; 1; 2; 2; 2; 2; 2]; [2; 2; 2; 2; 2; 2; 2; 2; 2; 2]]
0 0 0 0 0 0 0 0 0 0 
0 0 0 0 0 0 0 0 0 0 
0 0 2 3 0 0 0 0 0 0 
0 0 4 5 4 0 0 0 0 0 
0 0 0 4 0 0 0 0 0 0 
0 0 0 0 0 0 0 0 0 0 
0 0 0 0 0 0 0 0 0 0 
0 0 0 0 0 0 0 0 0 0 
0 0 0 0 0 0 0 0 0 0 
0 0 0 0 0 0 0 0 0 0 
val pp1a : unit = ()
0 0 0 0 0 0 0 0 0 0 
0 0 0 0 0 0 0 0 0 0 
0 0 0 0 0 0 0 0 0 0 
0 0 0 0 0 0 0 0 0 0 
0 0 0 0 0 0 0 0 0 0 
0 0 0 0 0 0 0 0 0 0 
0 0 0 0 0 0 0 0 0 0 
0 0 0 0 0 2 3 0 0 0 
0 0 0 0 0 4 5 4 0 0 
0 0 0 0 0 0 4 0 0 0 
val pp2a : unit = ()
2 2 2 2 2 2 2 2 2 2 
2 2 2 2 2 2 1 2 2 2 
2 2 2 2 2 2 2 2 2 2 
2 2 4 5 2 2 2 2 2 2 
2 2 4 5 4 2 2 1 2 2 
2 2 2 5 4 2 2 2 2 2 
2 2 2 2 2 2 2 2 2 2 
2 2 2 2 2 2 1 2 2 2 
2 2 2 2 1 2 2 2 2 2 
2 2 2 2 2 2 2 2 2 2 
val pp1b : unit = ()
2 2 2 2 2 2 2 2 2 2 
2 2 2 2 2 2 1 2 2 2 
2 2 2 2 2 2 2 2 2 2 
2 2 4 5 2 2 2 2 2 2 
2 2 4 5 4 2 2 1 2 2 
2 2 2 5 4 2 2 2 2 2 
2 2 2 2 2 2 2 2 2 2 
2 2 2 2 2 2 1 2 2 2 
2 2 2 2 1 2 2 2 2 2 
2 2 2 2 2 2 2 2 2 2 
val pp2b : unit = ()
val dir1 : int list = [0; 0; 0; 0; 0; 0; 0; 0; 0; 0]
val dir2 : int list = [0; -1; -2; -3; -4; -5]
val di1 : int list list =
  [[0; 0; 0; 0; 0; 0; 0; 0; 0; 0]; [0; 0; 0; 0; 0; 0; 0; 0; 0; 0];
   [0; 0; -2; -3; 0; 0; 0; 0; 0; 0]; [0; 0; -4; -5; -4; 0; 0; 0; 0; 0];
   [0; 0; 0; -4; 0; 0; 0; 0; 0; 0]; [0; 0; 0; 0; 0; 0; 0; 0; 0; 0];
   [0; 0; 0; 0; 0; 0; 0; 0; 0; 0]; [0; 0; 0; 0; 0; 2; 3; 0; 0; 0];
   [0; 0; 0; 0; 0; 4; 5; 4; 0; 0]; [0; 0; 0; 0; 0; 0; 4; 0; 0; 0]]
val di2 : int list list =
  [[0; 0; 0; 0; 0; 0; 0; 0; 0; 0]; [0; 0; 0; 0; 0; 0; 0; 0; 0; 0];
   [0; 0; 0; 0; 0; 0; 0; 0; 0; 0]; [0; 0; 0; 0; 0; 0; 0; 0; 0; 0];
   [0; 0; 0; 0; 0; 0; 0; 0; 0; 0]; [0; 0; 0; 0; 0; 0; 0; 0; 0; 0];
   [0; 0; 0; 0; 0; 0; 0; 0; 0; 0]; [0; 0; 0; 0; 0; 0; 0; 0; 0; 0];
   [0; 0; 0; 0; 0; 0; 0; 0; 0; 0]; [0; 0; 0; 0; 0; 0; 0; 0; 0; 0]]
val nd1 : bool = false
val nd2 : bool = true
val rmp1 : int list = [0; 2; 3; 4; 0; 0]
val rmp2 : int list = [0; 0; 0; 0; 0; 0]
val rmn1 : int list = [1; 2; 3; 0; 0; 0]
val rmn2 : int list = [0; 0; 0; 0; 0; 0]
val mp1 : int list list =
  [[0; 0; 0; 0; 0; 0; 0; 0; 0; 0]; [0; 0; 0; 0; 0; 0; 0; 0; 0; 0];
   [0; 0; 0; 0; 0; 0; 0; 0; 0; 0]; [0; 0; 0; 0; 0; 0; 0; 0; 0; 0];
   [0; 0; 0; 0; 0; 0; 0; 0; 0; 0]; [0; 0; 0; 0; 0; 0; 0; 0; 0; 0];
   [0; 0; 0; 0; 0; 0; 0; 0; 0; 0]; [0; 0; 0; 0; 0; 2; 3; 0; 0; 0];
   [0; 0; 0; 0; 0; 4; 5; 4; 0; 0]; [0; 0; 0; 0; 0; 0; 4; 0; 0; 0]]
val mp2 : int list list =
  [[0; 0; 0; 0; 0; 0; 0; 0; 0; 0]; [0; 0; 0; 0; 0; 0; 0; 0; 0; 0];
   [0; 0; 0; 0; 0; 0; 0; 0; 0; 0]; [0; 0; 0; 0; 0; 0; 0; 0; 0; 0];
   [0; 0; 0; 0; 0; 0; 0; 0; 0; 0]; [0; 0; 0; 0; 0; 0; 0; 0; 0; 0];
   [0; 0; 0; 0; 0; 0; 0; 0; 0; 0]; [0; 0; 0; 0; 0; 0; 0; 0; 0; 0];
   [0; 0; 0; 0; 0; 0; 0; 0; 0; 0]; [0; 0; 0; 0; 0; 0; 0; 0; 0; 0]]
val mn1 : int list list =
  [[0; 0; 0; 0; 0; 0; 0; 0; 0; 0]; [0; 0; 0; 0; 0; 0; 0; 0; 0; 0];
   [0; 0; 0; 0; 0; 0; 0; 0; 0; 0]; [0; 0; 0; 0; 0; 0; 0; 0; 0; 0];
   [0; 0; 0; 0; 0; 0; 0; 0; 0; 0]; [0; 0; 0; 0; 0; 0; 0; 0; 0; 0];
   [0; 0; 0; 0; 0; 0; 0; 0; 0; 0]; [0; 0; 0; 0; 0; 0; 0; 0; 0; 0];
   [0; 0; 0; 0; 0; 0; 0; 0; 0; 0]; [0; 0; 0; 0; 0; 0; 0; 0; 0; 0]]
val mn2 : int list list =
  [[0; 0; 0; 0; 0; 0; 0; 0; 0; 0]; [0; 0; 0; 0; 0; 0; 0; 0; 0; 0];
   [0; 0; 0; 0; 0; 0; 0; 0; 0; 0]; [0; 0; 0; 0; 0; 0; 0; 0; 0; 0];
   [0; 0; 0; 0; 0; 0; 0; 0; 0; 0]; [0; 0; 0; 0; 0; 0; 0; 0; 0; 0];
   [0; 0; 0; 0; 0; 0; 0; 0; 0; 0]; [0; 0; 0; 0; 0; 0; 0; 0; 0; 0];
   [0; 0; 0; 0; 0; 0; 0; 0; 0; 0]; [0; 0; 0; 0; 0; 0; 0; 0; 0; 0]]
val tdf1 : float * float = (2., 2.)
val tdf2 : float * float = (-2., -2.)
val sir1 : int = 3
val sir2 : int = 7
val si1 : int = 22
val si2 : int = 213
val cir1 : int = 86
val cir2 : int = 152
val cic1 : int = 87
val cic2 : int = 197
val ic1 : float = 3.95454545454545459
val ic2 : float = 8.95454545454545503
val jc1 : float = 5.35680751173708902
val jc1 : float = 5.35680751173708902
val m1 : float * float = (5., 3.)
Exception: Failure "there is no discernible motion".
# 
